SLF4J(W): No SLF4J providers were found.
SLF4J(W): Defaulting to no-operation (NOP) logger implementation
SLF4J(W): See https://www.slf4j.org/codes.html#noProviders for further details.
Jul 15, 2024 6:55:32 PM org.codehaus.groovy.vmplugin.v8.IndyInterface fromCache
INFO: Total evaluation genes: 13302
Jul 15, 2024 6:55:32 PM org.codehaus.groovy.vmplugin.v8.IndyInterface fromCache
INFO: Obtaining Gene-Phenotype associations from HMD_HumanPhenotype.rpt. Genes are represented as Entrez Gene IDs and Phenotypes are represented as MP IDs
Jul 15, 2024 6:55:32 PM org.codehaus.groovy.vmplugin.v8.IndyInterface fromCache
INFO: Obtaining MGI to Entrez Gene ID mapping from HMD_HumanPhenotype.rpt
Jul 15, 2024 6:55:32 PM org.codehaus.groovy.vmplugin.v8.IndyInterface fromCache
INFO: MGI:1927290 -> http://mowl.borg/10009
Jul 15, 2024 6:55:32 PM org.codehaus.groovy.vmplugin.v8.IndyInterface fromCache
INFO: Obtaining Gene-Phenotype associations from MGI_GenePheno.rpt. Genes are represented as MGI IDs and Phenotypes are represented as MP IDs
Jul 15, 2024 6:55:33 PM org.codehaus.groovy.vmplugin.v8.IndyInterface fromCache
INFO: gene2pheno size: 13302
Jul 15, 2024 6:55:33 PM org.codehaus.groovy.vmplugin.v8.IndyInterface fromCache
INFO: Total evaluation pairs: 1912
Jul 15, 2024 6:55:33 PM org.codehaus.groovy.vmplugin.v8.IndyInterface fromCache
INFO: Obtaining Disease-Phenotype associations from phenotype.hpoa
Jul 15, 2024 6:55:34 PM org.codehaus.groovy.vmplugin.v8.IndyInterface fromCache
INFO: Preparing Semantic Similarity Engine
Jul 15, 2024 6:55:49 PM org.codehaus.groovy.vmplugin.v8.IndyInterface fromCache
INFO: Computing Semantic Similarity for 1912 Gene-Disease pairs
Jul 15, 2024 6:55:49 PM org.codehaus.groovy.vmplugin.v8.IndyInterface fromCache
INFO: Starting Pool 
Jul 15, 2024 7:26:25 PM org.codehaus.groovy.vmplugin.v8.IndyInterface fromCache
INFO: Done
Jul 15, 2024 7:26:25 PM org.codehaus.groovy.vmplugin.v8.IndyInterface fromCache
INFO: Results written to ../data/results.txt
22805.88user 106.41system 31:24.32elapsed 1215%CPU (0avgtext+0avgdata 11340924maxresident)k
1496inputs+991280outputs (0major+2908265minor)pagefaults 0swaps
